[✓] Flutter (Channel stable, 3.35.2, on Ubuntu 22.04.5 LTS 6.8.0-1031-azure, locale zh_CN.UTF-8) [27ms]
    • Flutter version 3.35.2 on channel stable at /home/zou/flutter
    • Upstream repository https://github.com/flutter/flutter.git
    • Framework revision 05db968908 (5 天前), 2025-08-25 10:21:35 -0700
    • Engine revision a8bfdfc394
    • Dart version 3.9.0
    • DevTools version 2.48.0
    • Feature flags: enable-web, enable-linux-desktop, enable-macos-desktop, enable-windows-desktop, enable-android, enable-ios, cli-animations, enable-lldb-debugging

[✓] Android toolchain - develop for Android devices (Android SDK version 34.0.0) [2.7s]
    • Android SDK at /home/zou/Android/Sdk
    • Emulator version unknown
    • Platform android-34, build-tools 34.0.0
    • ANDROID_HOME = /home/zou/Android/Sdk
    • ANDROID_SDK_ROOT = /home/zou/Android/Sdk
    • Java binary at: /usr/lib/jvm/java-17-openjdk-amd64/bin/java
      This JDK is specified by the JAVA_HOME environment variable.
      To manually set the JDK path, use: `flutter config --jdk-dir="path/to/jdk"`.
    • Java version OpenJDK Runtime Environment (build 17.0.16+8-Ubuntu-0ubuntu122.04.1)
    • All Android licenses accepted.

[✓] Chrome - develop for the web [36ms]
    • Chrome at google-chrome

[✓] Linux toolchain - develop for Linux desktop [96ms]
    • Ubuntu clang version 14.0.0-1ubuntu1.1
    • cmake version 3.22.1
    • ninja version 1.10.1
    • pkg-config version 0.29.2
    ! Unable to access driver information using 'eglinfo'.
      It is likely available from your distribution (e.g.: apt install mesa-utils)

[!] Android Studio (not installed) [34ms]
    • Android Studio not found; download from https://developer.android.com/studio/index.html
      (or visit https://flutter.dev/to/linux-android-setup for detailed instructions).

[✓] VS Code (version 1.103.0) [34ms]
    • VS Code at /usr/share/code
    • Flutter extension version 3.116.0

[!] Proxy Configuration [43ms]
    • HTTP_PROXY is set
    • NO_PROXY is localhost,127.0.0.0/8,::1
    • NO_PROXY contains localhost
    ! NO_PROXY does not contain 127.0.0.1
    • NO_PROXY contains ::1

[✓] Connected device (2 available) [88ms]
    • Linux (desktop) • linux  • linux-x64      • Ubuntu 22.04.5 LTS 6.8.0-1031-azure
    • Chrome (web)    • chrome • web-javascript • Google Chrome 139.0.7258.138

[✓] Network resources [1,723ms]
    • All expected network resources are available.

! Doctor found issues in 2 categories.
