This app is using a deprecated version of the Android embedding.
To avoid unexpected runtime failures, or future build failures, try to migrate this app to the V2 embedding.
Take a look at the docs for migrating an app: https://github.com/flutter/flutter/wiki/Upgrading-pre-1.12-Android-projects
Launching lib/main.dart on Chrome in debug mode...
Waiting for connection from debug service on Chrome...          
../../../../.pub-cache/hosted/pub.dev/google_fonts-6.2.0/lib/src/google_fonts_base.dart:69:8: Error: Type 'FontFeature' not found.
  List<FontFeature>? fontFeatures,
       ^^^^^^^^^^^
lib/providers/auth_provider.dart:71:50: Error: The method 'hasValidToken' isn't defined for the class 'AuthService'.
 - 'AuthService' is from 'package:jive_money/services/api/auth_service.dart' ('lib/services/api/auth_service.dart').
Try correcting the name to the name of an existing method, or defining a method named 'hasValidToken'.
        final hasValidToken = await _authService.hasValidToken();
                                                 ^^^^^^^^^^^^^
lib/providers/auth_provider.dart:116:46: Error: The argument type 'User?' can't be assigned to the parameter type 'User' because 'User?' is nullable and 'User' isn't.
 - 'User' is from 'package:jive_money/models/user.dart' ('lib/models/user.dart').
      await HiveConfig.saveUser(authResponse.user);
                                             ^
lib/providers/auth_provider.dart:149:46: Error: The argument type 'User?' can't be assigned to the parameter type 'User' because 'User?' is nullable and 'User' isn't.
 - 'User' is from 'package:jive_money/models/user.dart' ('lib/models/user.dart').
      await HiveConfig.saveUser(authResponse.user);
                                             ^
lib/providers/auth_provider.dart:215:9: Error: No named parameter with the name 'oldPassword'.
        oldPassword: oldPassword,
        ^^^^^^^^^^^
lib/providers/auth_provider.dart:232:18: Error: 'ApiException' isn't a type.
    if (error is ApiException) {
                 ^^^^^^^^^^^^
lib/screens/dashboard/dashboard_screen.dart:17:32: Error: 'accountsProvider' is imported from both 'package:jive_money/providers/account_provider.dart' and 'package:jive_money/providers/ledger_provider.dart'.
    final accounts = ref.watch(accountsProvider);
                               ^^^^^^^^^^^^^^^^
lib/screens/dashboard/dashboard_screen.dart:49:26: Error: 'accountsProvider' is imported from both 'package:jive_money/providers/account_provider.dart' and 'package:jive_money/providers/ledger_provider.dart'.
          ref.invalidate(accountsProvider);
                         ^^^^^^^^^^^^^^^^
lib/screens/dashboard/dashboard_screen.dart:76:37: Error: Required named parameter 'transactions' must be provided.
            const RecentTransactions(),
                                    ^
lib/ui/components/dashboard/recent_transactions.dart:13:9: Context: Found this candidate, but the arguments don't match.
  const RecentTransactions({
        ^^^^^^^^^^^^^^^^^^
lib/screens/dashboard/dashboard_screen.dart:290:45: Error: The argument type 'LedgerType' can't be assigned to the parameter type 'String'.
 - 'LedgerType' is from 'package:jive_money/models/ledger.dart' ('lib/models/ledger.dart').
                      _getLedgerIcon(ledger.type),
                                            ^
lib/screens/transactions/transactions_screen.dart:63:33: Error: The argument type 'List<Transaction>' can't be assigned to the parameter type 'AsyncValue<List<dynamic>>'.
 - 'List' is from 'dart:core'.
 - 'Transaction' is from 'package:jive_money/models/transaction.dart' ('lib/models/transaction.dart').
 - 'AsyncValue' is from 'package:riverpod/src/common.dart' ('../../../../.pub-cache/hosted/pub.dev/riverpod-2.6.1/lib/src/common.dart').
          _buildTransactionList(transactions, 'all'),
                                ^
lib/screens/transactions/transactions_screen.dart:64:33: Error: The argument type 'List<Transaction>' can't be assigned to the parameter type 'AsyncValue<List<dynamic>>'.
 - 'List' is from 'dart:core'.
 - 'Transaction' is from 'package:jive_money/models/transaction.dart' ('lib/models/transaction.dart').
 - 'AsyncValue' is from 'package:riverpod/src/common.dart' ('../../../../.pub-cache/hosted/pub.dev/riverpod-2.6.1/lib/src/common.dart').
          _buildTransactionList(transactions, 'expense'),
                                ^
lib/screens/transactions/transactions_screen.dart:65:33: Error: The argument type 'List<Transaction>' can't be assigned to the parameter type 'AsyncValue<List<dynamic>>'.
 - 'List' is from 'dart:core'.
 - 'Transaction' is from 'package:jive_money/models/transaction.dart' ('lib/models/transaction.dart').
 - 'AsyncValue' is from 'package:riverpod/src/common.dart' ('../../../../.pub-cache/hosted/pub.dev/riverpod-2.6.1/lib/src/common.dart').
          _buildTransactionList(transactions, 'income'),
                                ^
lib/screens/transactions/transactions_screen.dart:66:33: Error: The argument type 'List<Transaction>' can't be assigned to the parameter type 'AsyncValue<List<dynamic>>'.
 - 'List' is from 'dart:core'.
 - 'Transaction' is from 'package:jive_money/models/transaction.dart' ('lib/models/transaction.dart').
 - 'AsyncValue' is from 'package:riverpod/src/common.dart' ('../../../../.pub-cache/hosted/pub.dev/riverpod-2.6.1/lib/src/common.dart').
          _buildTransactionList(transactions, 'transfer'),
                                ^
lib/screens/accounts/accounts_screen.dart:21:37: Error: The getter 'accountGroupsProvider' isn't defined for the class '_AccountsScreenState'.
 - '_AccountsScreenState' is from 'package:jive_money/screens/accounts/accounts_screen.dart' ('lib/screens/accounts/accounts_screen.dart').
Try correcting the name to the name of an existing getter, or defining a getter or field named 'accountGroupsProvider'.
    final accountGroups = ref.watch(accountGroupsProvider);
                                    ^^^^^^^^^^^^^^^^^^^^^
lib/screens/accounts/accounts_screen.dart:69:22: Error: The method 'when' isn't defined for the class 'List<Account>'.
 - 'List' is from 'dart:core'.
 - 'Account' is from 'package:jive_money/models/account.dart' ('lib/models/account.dart').
Try correcting the name to the name of an existing method, or defining a method named 'when'.
      body: accounts.when(
                     ^^^^
lib/screens/budgets/budgets_screen.dart:39:47: Error: The argument type 'List<Budget>' can't be assigned to the parameter type 'AsyncValue<List<dynamic>>'.
 - 'List' is from 'dart:core'.
 - 'Budget' is from 'package:jive_money/models/budget.dart' ('lib/models/budget.dart').
 - 'AsyncValue' is from 'package:riverpod/src/common.dart' ('../../../../.pub-cache/hosted/pub.dev/riverpod-2.6.1/lib/src/common.dart').
            _buildMonthlyBudget(context, ref, budgets),
                                              ^
lib/screens/budgets/budgets_screen.dart:40:46: Error: The argument type 'List<Budget>' can't be assigned to the parameter type 'AsyncValue<List<dynamic>>'.
 - 'List' is from 'dart:core'.
 - 'Budget' is from 'package:jive_money/models/budget.dart' ('lib/models/budget.dart').
 - 'AsyncValue' is from 'package:riverpod/src/common.dart' ('../../../../.pub-cache/hosted/pub.dev/riverpod-2.6.1/lib/src/common.dart').
            _buildYearlyBudget(context, ref, budgets),
                                             ^
lib/screens/settings/settings_screen.dart:13:28: Error: 'currentUserProvider' is imported from both 'package:jive_money/providers/auth_provider.dart' and 'package:jive_money/providers/settings_provider.dart'.
    final user = ref.watch(currentUserProvider);
                           ^^^^^^^^^^^^^^^^^^^
../../../../.pub-cache/hosted/pub.dev/google_fonts-6.2.0/lib/src/google_fonts_base.dart:69:8: Error: 'FontFeature' isn't a type.
  List<FontFeature>? fontFeatures,
       ^^^^^^^^^^^
lib/services/api/auth_service.dart:202:22: Error: Member not found: 'auth'.
        '${Endpoints.auth}/reset-password',
                     ^^^^
lib/services/api/auth_service.dart:216:22: Error: Member not found: 'auth'.
        '${Endpoints.auth}/verify-email',
                     ^^^^
lib/ui/components/dashboard/account_overview.dart:14:21: Error: The method 'when' isn't defined for the class 'List<Account>'.
 - 'List' is from 'dart:core'.
 - 'Account' is from 'package:jive_money/models/account.dart' ('lib/models/account.dart').
Try correcting the name to the name of an existing method, or defining a method named 'when'.
    return accounts.when(
                    ^^^^
lib/ui/components/dashboard/recent_transactions.dart:89:21: Error: No named parameter with the name 'transaction'.
                    transaction: transaction,
                    ^^^^^^^^^^^
lib/ui/components/cards/transaction_card.dart:21:9: Context: Found this candidate, but the arguments don't match.
  const TransactionCard({
        ^^^^^^^^^^^^^^^
lib/ui/components/dashboard/recent_transactions.dart:242:13: Error: No named parameter with the name 'transaction'.
            transaction: transaction,
            ^^^^^^^^^^^
lib/ui/components/cards/transaction_card.dart:21:9: Context: Found this candidate, but the arguments don't match.
  const TransactionCard({
        ^^^^^^^^^^^^^^^
lib/providers/ledger_provider.dart:27:36: Error: The method 'getCurrentLedger' isn't defined for the class 'LedgerService'.
 - 'LedgerService' is from 'package:jive_money/services/api/ledger_service.dart' ('lib/services/api/ledger_service.dart').
Try correcting the name to the name of an existing method, or defining a method named 'getCurrentLedger'.
      final ledger = await service.getCurrentLedger();
                                   ^^^^^^^^^^^^^^^^
lib/providers/ledger_provider.dart:57:21: Error: The method 'setCurrentLedger' isn't defined for the class 'LedgerService'.
 - 'LedgerService' is from 'package:jive_money/services/api/ledger_service.dart' ('lib/services/api/ledger_service.dart').
Try correcting the name to the name of an existing method, or defining a method named 'setCurrentLedger'.
      await service.setCurrentLedger(ledger.id!);
                    ^^^^^^^^^^^^^^^^
lib/providers/ledger_provider.dart:102:33: Error: Too few positional arguments: 2 required, 1 given.
      await service.updateLedger(ledger);
                                ^
lib/providers/account_provider.dart:119:60: Error: The argument type 'Map<String, dynamic>' can't be assigned to the parameter type 'Account'.
 - 'Map' is from 'dart:core'.
 - 'Account' is from 'package:jive_money/models/account.dart' ('lib/models/account.dart').
      final response = await _accountService.createAccount(data);
                                                           ^
lib/providers/account_provider.dart:121:73: Error: The argument type 'Account' can't be assigned to the parameter type 'Map<String, dynamic>'.
 - 'Account' is from 'package:jive_money/models/account.dart' ('lib/models/account.dart').
 - 'Map' is from 'dart:core'.
      final account = response is Account ? response : Account.fromJson(response);
                                                                        ^
lib/providers/transaction_provider.dart:69:20: Error: The argument type 'TransactionListResponse' can't be assigned to the parameter type 'List<Transaction>'.
 - 'TransactionListResponse' is from 'package:jive_money/services/api/transaction_service.dart' ('lib/services/api/transaction_service.dart').
 - 'List' is from 'dart:core'.
 - 'Transaction' is from 'package:jive_money/models/transaction.dart' ('lib/models/transaction.dart').
      _updateState(transactions);
                   ^
lib/providers/transaction_provider.dart:88:71: Error: The argument type 'Map<String, dynamic>' can't be assigned to the parameter type 'Transaction'.
 - 'Map' is from 'dart:core'.
 - 'Transaction' is from 'package:jive_money/models/transaction.dart' ('lib/models/transaction.dart').
      final transaction = await _transactionService.createTransaction(data);
                                                                      ^
lib/providers/transaction_provider.dart:144:33: Error: The method 'deleteTransactions' isn't defined for the class 'TransactionService'.
 - 'TransactionService' is from 'package:jive_money/services/api/transaction_service.dart' ('lib/services/api/transaction_service.dart').
Try correcting the name to the name of an existing method, or defining a method named 'deleteTransactions'.
      await _transactionService.deleteTransactions(ids);
                                ^^^^^^^^^^^^^^^^^^
lib/providers/transaction_provider.dart:253:18: Error: The getter 'types' isn't defined for the class 'TransactionFilterData'.
 - 'TransactionFilterData' is from 'package:jive_money/models/transaction_filter.dart' ('lib/models/transaction_filter.dart').
Try correcting the name to the name of an existing getter, or defining a getter or field named 'types'.
      if (filter.types.isNotEmpty && !filter.types.contains(t.type)) {
                 ^^^^^
lib/providers/transaction_provider.dart:253:46: Error: The getter 'types' isn't defined for the class 'TransactionFilterData'.
 - 'TransactionFilterData' is from 'package:jive_money/models/transaction_filter.dart' ('lib/models/transaction_filter.dart').
Try correcting the name to the name of an existing getter, or defining a getter or field named 'types'.
      if (filter.types.isNotEmpty && !filter.types.contains(t.type)) {
                                             ^^^^^
lib/providers/transaction_provider.dart:274:18: Error: The getter 'accounts' isn't defined for the class 'TransactionFilterData'.
 - 'TransactionFilterData' is from 'package:jive_money/models/transaction_filter.dart' ('lib/models/transaction_filter.dart').
Try correcting the name to the name of an existing getter, or defining a getter or field named 'accounts'.
      if (filter.accounts.isNotEmpty && !filter.accounts.contains(t.accountId)) {
                 ^^^^^^^^
lib/providers/transaction_provider.dart:274:49: Error: The getter 'accounts' isn't defined for the class 'TransactionFilterData'.
 - 'TransactionFilterData' is from 'package:jive_money/models/transaction_filter.dart' ('lib/models/transaction_filter.dart').
Try correcting the name to the name of an existing getter, or defining a getter or field named 'accounts'.
      if (filter.accounts.isNotEmpty && !filter.accounts.contains(t.accountId)) {
                                                ^^^^^^^^
lib/providers/transaction_provider.dart:279:18: Error: The getter 'categories' isn't defined for the class 'TransactionFilterData'.
 - 'TransactionFilterData' is from 'package:jive_money/models/transaction_filter.dart' ('lib/models/transaction_filter.dart').
Try correcting the name to the name of an existing getter, or defining a getter or field named 'categories'.
      if (filter.categories.isNotEmpty && !filter.categories.contains(t.category)) {
                 ^^^^^^^^^^
lib/providers/transaction_provider.dart:279:51: Error: The getter 'categories' isn't defined for the class 'TransactionFilterData'.
 - 'TransactionFilterData' is from 'package:jive_money/models/transaction_filter.dart' ('lib/models/transaction_filter.dart').
Try correcting the name to the name of an existing getter, or defining a getter or field named 'categories'.
      if (filter.categories.isNotEmpty && !filter.categories.contains(t.category)) {
                                                  ^^^^^^^^^^
lib/providers/transaction_provider.dart:284:23: Error: Property 'isNotEmpty' cannot be accessed on 'List<String>?' because it is potentially null.
 - 'List' is from 'dart:core'.
Try accessing using ?. instead.
      if (filter.tags.isNotEmpty) {
                      ^^^^^^^^^^
lib/providers/transaction_provider.dart:285:56: Error: Method 'contains' cannot be called on 'List<String>?' because it is potentially null.
 - 'List' is from 'dart:core'.
Try calling using ?. instead.
        final hasTag = filter.tags.any((tag) => t.tags.contains(tag));
                                                       ^^^^^^^^
lib/providers/transaction_provider.dart:285:36: Error: Method 'any' cannot be called on 'List<String>?' because it is potentially null.
 - 'List' is from 'dart:core'.
Try calling using ?. instead.
        final hasTag = filter.tags.any((tag) => t.tags.contains(tag));
                                   ^^^
lib/services/sync/sync_service.dart:76:23: Error: The getter 'isAuthenticated' isn't defined for the class 'AuthService'.
 - 'AuthService' is from 'package:jive_money/services/api/auth_service.dart' ('lib/services/api/auth_service.dart').
Try correcting the name to the name of an existing getter, or defining a getter or field named 'isAuthenticated'.
    if (!_authService.isAuthenticated) {
                      ^^^^^^^^^^^^^^^
lib/services/sync/sync_service.dart:110:25: Error: The getter 'isAuthenticated' isn't defined for the class 'AuthService'.
 - 'AuthService' is from 'package:jive_money/services/api/auth_service.dart' ('lib/services/api/auth_service.dart').
Try correcting the name to the name of an existing getter, or defining a getter or field named 'isAuthenticated'.
      if (!_authService.isAuthenticated) {
                        ^^^^^^^^^^^^^^^
lib/services/sync/sync_service.dart:148:34: Error: The method 'put' isn't defined for the class 'String'.
Try correcting the name to the name of an existing method, or defining a method named 'put'.
        await HiveConfig.userBox.put('current_user', user);
                                 ^^^
lib/services/sync/sync_service.dart:161:24: Error: Member not found: 'ledgerBox'.
      await HiveConfig.ledgerBox.clear();
                       ^^^^^^^^^
lib/services/sync/sync_service.dart:165:26: Error: Member not found: 'ledgerBox'.
        await HiveConfig.ledgerBox.put(ledger.id, ledger);
                         ^^^^^^^^^
lib/services/sync/sync_service.dart:158:44: Error: The method 'getLedgers' isn't defined for the class 'LedgerService'.
 - 'LedgerService' is from 'package:jive_money/services/api/ledger_service.dart' ('lib/services/api/ledger_service.dart').
Try correcting the name to the name of an existing method, or defining a method named 'getLedgers'.
      final ledgers = await _ledgerService.getLedgers();
                                           ^^^^^^^^^^
lib/services/sync/sync_service.dart:178:24: Error: Member not found: 'accountBox'.
      await HiveConfig.accountBox.clear();
                       ^^^^^^^^^^
lib/services/sync/sync_service.dart:182:26: Error: Member not found: 'accountBox'.
        await HiveConfig.accountBox.put(account.id, account);
                         ^^^^^^^^^^
lib/services/sync/sync_service.dart:175:46: Error: The method 'getAccounts' isn't defined for the class 'AccountService'.
 - 'AccountService' is from 'package:jive_money/services/api/account_service.dart' ('lib/services/api/account_service.dart').
Try correcting the name to the name of an existing method, or defining a method named 'getAccounts'.
      final accounts = await _accountService.getAccounts();
                                             ^^^^^^^^^^^
lib/services/sync/sync_service.dart:202:24: Error: Member not found: 'transactionBox'.
      await HiveConfig.transactionBox.clear();
                       ^^^^^^^^^^^^^^
lib/services/sync/sync_service.dart:206:26: Error: Member not found: 'transactionBox'.
        await HiveConfig.transactionBox.put(transaction.id, transaction);
                         ^^^^^^^^^^^^^^
lib/services/sync/sync_service.dart:205:33: Error: The type 'TransactionListResponse' used in the 'for' loop must implement 'Iterable<dynamic>'.
 - 'TransactionListResponse' is from 'package:jive_money/services/api/transaction_service.dart' ('lib/services/api/transaction_service.dart').
 - 'Iterable' is from 'dart:core'.
      for (final transaction in transactions) {
                                ^
lib/services/sync/sync_service.dart:215:46: Error: The method 'get' isn't defined for the class 'String'.
Try correcting the name to the name of an existing method, or defining a method named 'get'.
    final timestamp = HiveConfig.settingsBox.get('last_sync_time');
                                             ^^^
lib/services/sync/sync_service.dart:224:34: Error: The method 'put' isn't defined for the class 'String'.
Try correcting the name to the name of an existing method, or defining a method named 'put'.
    await HiveConfig.settingsBox.put(
                                 ^^^
Waiting for connection from debug service on Chrome...             22.6s
Failed to compile application.
