Resolving dependencies...
  _fe_analyzer_shared 64.0.0 (88.0.0 available)
  analyzer 6.2.0 (8.1.1 available)
  analyzer_plugin 0.11.3 (0.13.7 available)
  args 2.5.0 (2.7.0 available)
  async 2.11.0 (2.13.0 available)
  boolean_selector 2.1.1 (2.1.2 available)
  build 2.4.1 (3.0.2 available)
  build_config 1.1.1 (1.2.0 available)
  build_daemon 4.0.1 (4.0.4 available)
  build_resolvers 2.4.2 (3.0.2 available)
  build_runner 2.4.9 (2.7.0 available)
  build_runner_core 7.3.0 (9.3.0 available)
  cached_network_image 3.3.1 (3.4.1 available)
  cached_network_image_platform_interface 4.0.0 (4.1.1 available)
  cached_network_image_web 1.2.0 (1.3.1 available)
  characters 1.3.0 (1.4.1 available)
  checked_yaml 2.0.3 (2.0.4 available)
  cli_util 0.4.1 (0.4.2 available)
  clock 1.1.1 (1.1.2 available)
  code_builder 4.10.0 (4.10.1 available)
  collection 1.18.0 (1.19.1 available)
  convert 3.1.1 (3.1.2 available)
  cross_file 0.3.3+8 (0.3.4+2 available)
  crypto 3.0.3 (3.0.6 available)
  custom_lint_core 0.6.3 (0.8.0 available)
  dart_style 2.3.6 (3.1.2 available)
  dio_web_adapter 1.1.1 (2.1.1 available)
  fake_async 1.3.1 (1.3.3 available)
  ffi 2.1.0 (2.1.4 available)
  file_picker 6.2.1 (10.3.2 available)
  file_selector_linux 0.9.2+1 (0.9.3+2 available)
  file_selector_macos 0.9.4 (0.9.4+4 available)
  file_selector_windows 0.9.3+2 (0.9.3+4 available)
  fl_chart 0.66.2 (1.0.0 available)
  flutter_cache_manager 3.3.1 (3.4.1 available)
  flutter_launcher_icons 0.13.1 (0.14.4 available)
  flutter_lints 3.0.2 (6.0.0 available)
  flutter_plugin_android_lifecycle 2.0.19 (2.0.29 available)
  flutter_svg 2.0.10+1 (2.2.0 available)
  freezed_annotation 2.4.4 (3.1.0 available)
  glob 2.1.2 (2.1.3 available)
  go_router 12.1.3 (16.2.0 available)
  google_fonts 6.2.0 (6.3.0 available)
  graphs 2.3.1 (2.3.2 available)
  http 1.2.0 (1.5.0 available)
  http_parser 4.0.2 (4.1.2 available)
  image_picker 1.0.8 (1.2.0 available)
  image_picker_android 0.8.9+6 (0.8.13 available)
  image_picker_for_web 3.0.2 (3.1.0 available)
  image_picker_ios 0.8.9+1 (0.8.13 available)
  image_picker_linux 0.2.1+1 (0.2.2 available)
  image_picker_macos 0.2.1+1 (0.2.2 available)
  image_picker_platform_interface 2.9.3 (2.11.0 available)
  image_picker_windows 0.2.1+1 (0.2.2 available)
  intl 0.18.1 (0.20.2 available)
  io 1.0.4 (1.0.5 available)
  js 0.7.1 (0.7.2 available)
  json_serializable 6.8.0 (6.10.0 available)
  lints 3.0.0 (6.0.0 available)
  logger 2.6.0 (2.6.1 available)
  logging 1.2.0 (1.3.0 available)
  matcher 0.12.16 (0.12.17 available)
  material_color_utilities 0.5.0 (0.13.0 available)
  meta 1.10.0 (1.17.0 available)
  mime 1.0.6 (2.0.0 available)
  package_config 2.1.0 (2.2.0 available)
  path 1.8.3 (1.9.1 available)
  path_parsing 1.0.1 (1.1.0 available)
  path_provider 2.1.4 (2.1.5 available)
  path_provider_android 2.2.4 (2.2.17 available)
  path_provider_foundation 2.3.2 (2.4.2 available)
  petitparser 6.0.2 (7.0.1 available)
  protobuf 3.1.0 (4.2.0 available)
  pub_semver 2.1.4 (2.2.0 available)
  pubspec_parse 1.4.0 (1.5.0 available)
  retrofit 4.5.0 (4.7.2 available)
  retrofit_generator 8.2.1 (10.0.2 available)
  riverpod_analyzer_utils 0.5.1 (0.5.10 available)
  riverpod_generator 2.4.0 (2.6.5 available)
  rxdart 0.27.7 (0.28.0 available)
  shared_preferences 2.2.3 (2.5.3 available)
  shared_preferences_android 2.2.2 (2.4.11 available)
  shared_preferences_foundation 2.3.5 (2.5.4 available)
  shared_preferences_linux 2.4.0 (2.4.1 available)
  shared_preferences_web 2.2.2 (2.4.3 available)
  shared_preferences_windows 2.4.0 (2.4.1 available)
  shelf 1.4.1 (1.4.2 available)
  shelf_web_socket 1.0.4 (3.0.0 available)
  source_gen 1.5.0 (3.1.0 available)
  source_helper 1.3.4 (1.3.7 available)
  source_span 1.10.0 (1.10.1 available)
  sqflite 2.3.2 (2.4.2 available)
  sqflite_common 2.5.3 (2.5.6 available)
  stack_trace 1.11.1 (1.12.1 available)
  stream_channel 2.1.2 (2.1.4 available)
  string_scanner 1.2.0 (1.4.1 available)
  synchronized 3.1.0+1 (3.4.0 available)
  term_glyph 1.2.1 (1.2.2 available)
  test_api 0.6.1 (0.7.7 available)
  timing 1.0.1 (1.0.2 available)
  typed_data 1.3.2 (1.4.0 available)
  vector_graphics 1.1.11+1 (1.1.19 available)
  vector_graphics_codec 1.1.11+1 (1.1.13 available)
  vector_graphics_compiler 1.1.11+1 (1.1.19 available)
  vector_math 2.1.4 (2.2.0 available)
  very_good_analysis 5.1.0 (9.0.0 available)
  watcher 1.1.2 (1.1.3 available)
  web 0.3.0 (1.1.1 available)
  web_socket_channel 2.4.0 (3.0.3 available)
  win32 5.2.0 (5.14.0 available)
  xdg_directories 1.0.4 (1.1.0 available)
  xml 6.5.0 (6.6.1 available)
  yaml 3.1.2 (3.1.3 available)
Got dependencies!
113 packages have newer versions incompatible with dependency constraints.
Try `flutter pub outdated` for more information.
This app is using a deprecated version of the Android embedding.
To avoid unexpected runtime failures, or future build failures, try to migrate this app to the V2 embedding.
Take a look at the docs for migrating an app: https://github.com/flutter/flutter/wiki/Upgrading-pre-1.12-Android-projects
